<?xml version="1.0" encoding="UTF-8"?>
<testrun name="Form1Test" project="ExamplesTest" tests="3" started="3" failures="0" errors="1" ignored="0">
  <testsuite name="com.sencha.extjs.examples.form.dynamic.Form1Test" time="16.62">
    <testcase name="formCanBeCollapsedAndExpanded" classname="com.sencha.extjs.examples.form.dynamic.Form1Test" time="12.419"/>
    <testcase name="formCanBeCollapsedAndExpandedALotOfTimes" classname="com.sencha.extjs.examples.form.dynamic.Form1Test" time="4.17"/>
    <testcase name="weCanTypeOnTextFields" classname="com.sencha.extjs.examples.form.dynamic.Form1Test" time="0.031">
      <error>org.openqa.selenium.WebDriverException: Error parsing selector. Parsing failed at ")" (WARNING: The server did not provide any stacktrace information)
Command duration or timeout: 18 milliseconds
Build info: version: '2.24.1', revision: '17205', time: '2012-06-19 17:28:28'
System info: os.name: 'Mac OS X', os.arch: 'x86_64', os.version: '10.7.5', java.version: '1.7.0_10-ea'
Driver info: driver.version: ExtDriver
Session ID: 2cfe5693-4f46-6d4b-ab2b-3cddf57712fc
	at sun.reflect.NativeConstructorAccessorImpl.newInstance0(Native Method)
	at sun.reflect.NativeConstructorAccessorImpl.newInstance(NativeConstructorAccessorImpl.java:57)
	at sun.reflect.DelegatingConstructorAccessorImpl.newInstance(DelegatingConstructorAccessorImpl.java:45)
	at java.lang.reflect.Constructor.newInstance(Constructor.java:525)
	at org.openqa.selenium.remote.ErrorHandler.createThrowable(ErrorHandler.java:188)
	at org.openqa.selenium.remote.ErrorHandler.throwIfResponseFailed(ErrorHandler.java:145)
	at org.openqa.selenium.remote.RemoteWebDriver.execute(RemoteWebDriver.java:472)
	at org.openqa.selenium.remote.RemoteWebDriver.executeScript(RemoteWebDriver.java:381)
	at com.sencha.extjs.driver.ExtDriver.executeScript(ExtDriver.java:33)
	at com.sencha.extjs.driver.AbstractTextFieldFixture$TextFieldLabelLocator.getId(AbstractTextFieldFixture.java:36)
	at com.sencha.extjs.driver.AbstractTextFieldFixture.&lt;init&gt;(AbstractTextFieldFixture.java:12)
	at com.sencha.extjs.driver.TextFieldFixture.&lt;init&gt;(TextFieldFixture.java:10)
	at com.sencha.extjs.examples.form.dynamic.Form1Fixture.firstName(Form1Fixture.java:15)
	at com.sencha.extjs.examples.form.dynamic.Form1Test.weCanTypeOnTextFields(Form1Test.java:54)
	at sun.reflect.NativeMethodAccessorImpl.invoke0(Native Method)
	at sun.reflect.NativeMethodAccessorImpl.invoke(NativeMethodAccessorImpl.java:57)
	at sun.reflect.DelegatingMethodAccessorImpl.invoke(DelegatingMethodAccessorImpl.java:43)
	at java.lang.reflect.Method.invoke(Method.java:601)
	at org.junit.runners.model.FrameworkMethod$1.runReflectiveCall(FrameworkMethod.java:44)
	at org.junit.internal.runners.model.ReflectiveCallable.run(ReflectiveCallable.java:15)
	at org.junit.runners.model.FrameworkMethod.invokeExplosively(FrameworkMethod.java:41)
	at org.junit.internal.runners.statements.InvokeMethod.evaluate(InvokeMethod.java:20)
	at org.junit.runners.BlockJUnit4ClassRunner.runNotIgnored(BlockJUnit4ClassRunner.java:79)
	at org.junit.runners.BlockJUnit4ClassRunner.runChild(BlockJUnit4ClassRunner.java:71)
	at org.junit.runners.BlockJUnit4ClassRunner.runChild(BlockJUnit4ClassRunner.java:49)
	at org.junit.runners.ParentRunner$3.run(ParentRunner.java:193)
	at org.junit.runners.ParentRunner$1.schedule(ParentRunner.java:52)
	at org.junit.runners.ParentRunner.runChildren(ParentRunner.java:191)
	at org.junit.runners.ParentRunner.access$000(ParentRunner.java:42)
	at org.junit.runners.ParentRunner$2.evaluate(ParentRunner.java:184)
	at org.junit.internal.runners.statements.RunAfters.evaluate(RunAfters.java:31)
	at org.junit.runners.ParentRunner.run(ParentRunner.java:236)
	at org.eclipse.jdt.internal.junit4.runner.JUnit4TestReference.run(JUnit4TestReference.java:50)
	at org.eclipse.jdt.internal.junit.runner.TestExecution.run(TestExecution.java:38)
	at org.eclipse.jdt.internal.junit.runner.RemoteTestRunner.runTests(RemoteTestRunner.java:467)
	at org.eclipse.jdt.internal.junit.runner.RemoteTestRunner.runTests(RemoteTestRunner.java:683)
	at org.eclipse.jdt.internal.junit.runner.RemoteTestRunner.run(RemoteTestRunner.java:390)
	at org.eclipse.jdt.internal.junit.runner.RemoteTestRunner.main(RemoteTestRunner.java:197)

</error>
    </testcase>
  </testsuite>
</testrun>
